============================= test session starts ==============================
platform darwin -- Python 3.14.4, pytest-8.3.4, pluggy-1.6.0 -- /Users/phoebewang/Desktop/rallypoint/backend/.venv/bin/python
cachedir: .pytest_cache
rootdir: /Users/phoebewang/Desktop/rallypoint/backend
configfile: pytest.ini
testpaths: tests
plugins: flask-1.3.0, anyio-4.13.0
collecting ... collected 124 items

tests/test_admin.py::test_admin_requires_authentication PASSED           [  0%]
tests/test_admin.py::test_admin_rejects_non_admin PASSED                 [  1%]
tests/test_admin.py::test_me_exposes_is_admin_flag PASSED                [  2%]
tests/test_admin.py::test_stats_counts_users PASSED                      [  3%]
tests/test_admin.py::test_list_users_search_and_paginate PASSED          [  4%]
tests/test_admin.py::test_get_user_404 PASSED                            [  4%]
tests/test_admin.py::test_admin_edits_user_support_desk_fields PASSED    [  5%]
tests/test_admin.py::test_admin_cannot_set_duplicate_email PASSED        [  6%]
tests/test_admin.py::test_admin_normalizes_handle PASSED                 [  7%]
tests/test_admin.py::test_admin_cannot_grant_admin_via_api PASSED        [  8%]
tests/test_admin.py::test_overview_returns_recent_activity PASSED        [  8%]
tests/test_admin.py::test_overview_requires_admin PASSED                 [  9%]
tests/test_admin.py::test_list_users_status_and_sport_filters PASSED     [ 10%]
tests/test_admin_courts.py::test_create_court_autoslugs PASSED           [ 11%]
tests/test_admin_courts.py::test_create_requires_name PASSED             [ 12%]
tests/test_admin_courts.py::test_duplicate_names_get_distinct_slugs PASSED [ 12%]
tests/test_admin_courts.py::test_edit_court PASSED                       [ 13%]
tests/test_admin_courts.py::test_deactivate_hides_from_public_list PASSED [ 14%]
tests/test_admin_courts.py::test_delete_unreferenced_court PASSED        [ 15%]
tests/test_admin_courts.py::test_delete_blocked_when_referenced PASSED   [ 16%]
tests/test_admin_courts.py::test_court_endpoints_require_admin PASSED    [ 16%]
tests/test_admin_user_delete.py::test_delete_user_cascades PASSED        [ 17%]
tests/test_admin_user_delete.py::test_cannot_delete_self PASSED          [ 18%]
tests/test_admin_user_delete.py::test_delete_missing_user_404 PASSED     [ 19%]
tests/test_admin_user_delete.py::test_delete_requires_admin PASSED       [ 20%]
tests/test_admin_user_delete.py::test_change_email_with_resend_verification PASSED [ 20%]
tests/test_appointments.py::test_create_join_waitlist_and_promote PASSED [ 21%]
tests/test_appointments.py::test_host_cancel_only PASSED                 [ 22%]
tests/test_appointments.py::test_checkin_drives_here_now PASSED          [ 23%]
tests/test_appointments.py::test_checkin_rejected_when_far_away PASSED   [ 24%]
tests/test_auth.py::test_signup_returns_jwt_and_user PASSED              [ 25%]
tests/test_auth.py::test_login_with_correct_password_works PASSED        [ 25%]
tests/test_auth.py::test_login_with_wrong_password_is_401 PASSED         [ 26%]
tests/test_auth.py::test_signup_with_bad_input_returns_422_with_field_errors PASSED [ 27%]
tests/test_auth.py::test_me_requires_bearer_token PASSED                 [ 28%]
tests/test_auth.py::test_protected_route_rejects_x_user_id_header PASSED [ 29%]
tests/test_auth.py::test_me_with_valid_token_returns_user PASSED         [ 29%]
tests/test_auth.py::test_me_with_garbage_token_is_401 PASSED             [ 30%]
tests/test_auth.py::test_logout_all_revokes_existing_tokens PASSED       [ 31%]
tests/test_auth.py::test_signup_rejects_password_without_a_number PASSED [ 32%]
tests/test_auth.py::test_signup_rounds_coordinates_to_block_precision PASSED [ 33%]
tests/test_auth.py::test_handles_are_unique_for_duplicate_names PASSED   [ 33%]
tests/test_auth.py::test_signup_starts_unverified_and_verify_email_flow PASSED [ 34%]
tests/test_auth.py::test_verify_email_rejects_token_of_wrong_purpose PASSED [ 35%]
tests/test_auth.py::test_forgot_password_always_returns_200_no_enumeration PASSED [ 36%]
tests/test_auth.py::test_reset_password_updates_pw_revokes_sessions_and_is_single_use PASSED [ 37%]
tests/test_auth.py::test_signup_creates_a_sport_profile_from_chosen_sport_and_ntrp PASSED [ 37%]
tests/test_auth.py::test_signup_rejects_whitespace_only_name PASSED      [ 38%]
tests/test_auth.py::test_login_sets_httponly_session_and_readable_csrf_cookie PASSED [ 39%]
tests/test_auth.py::test_cookie_session_authenticates_without_bearer PASSED [ 40%]
tests/test_auth.py::test_cookie_auth_enforces_csrf_on_unsafe_methods PASSED [ 41%]
tests/test_auth.py::test_logout_expires_the_session_cookie PASSED        [ 41%]
tests/test_courts.py::test_list_returns_real_distance_and_fav_false PASSED [ 42%]
tests/test_courts.py::test_distance_is_null_without_viewer_coords PASSED [ 43%]
tests/test_courts.py::test_favorite_and_unfavorite_toggle PASSED         [ 44%]
tests/test_courts.py::test_favorite_unknown_court_404 PASSED             [ 45%]
tests/test_courts.py::test_list_includes_regulars_and_upcoming PASSED    [ 45%]
tests/test_courts.py::test_players_filter_by_home_court PASSED           [ 46%]
tests/test_courts.py::test_create_session_with_court_records_it PASSED   [ 47%]
tests/test_invites.py::test_invites_requires_auth PASSED                 [ 48%]
tests/test_invites.py::test_awaiting_opponent_is_request_to_invitee_pending_to_inviter PASSED [ 49%]
tests/test_invites.py::test_settling_time_turn_follows_latest_proposal PASSED [ 50%]
tests/test_invites.py::test_confirmed_invites_excluded_from_feed PASSED  [ 50%]
tests/test_invites.py::test_create_invite_awaiting PASSED                [ 51%]
tests/test_invites.py::test_cannot_invite_self PASSED                    [ 52%]
tests/test_invites.py::test_create_invite_idempotent PASSED              [ 53%]
tests/test_invites.py::test_create_past_time_rejected PASSED             [ 54%]
tests/test_invites.py::test_accept_specific_time_one_tap_confirms_and_materializes PASSED [ 54%]
tests/test_invites.py::test_inviter_cannot_accept_own_time PASSED        [ 55%]
tests/test_invites.py::test_window_requires_specific_before_accept PASSED [ 56%]
tests/test_invites.py::test_confirm_opponent_only_invitee PASSED         [ 57%]
tests/test_invites.py::test_decline_moves_to_past PASSED                 [ 58%]
tests/test_invites.py::test_cancel_by_inviter PASSED                     [ 58%]
tests/test_matching.py::test_strong_match_beats_weak_match PASSED        [ 59%]
tests/test_matching.py::test_cosine_basics PASSED                        [ 60%]
tests/test_matching.py::test_semantic_signal_adds_style_chip PASSED      [ 61%]
tests/test_matching.py::test_no_embedding_no_style_chip PASSED           [ 62%]
tests/test_matching.py::test_score_spreads_not_everyone_the_same PASSED  [ 62%]
tests/test_players.py::test_players_requires_auth PASSED                 [ 63%]
tests/test_players.py::test_players_returns_empty_when_nobody_else_exists PASSED [ 64%]
tests/test_players.py::test_players_lists_matching_candidates PASSED     [ 65%]
tests/test_players.py::test_players_payload_includes_availability_slots PASSED [ 66%]
tests/test_players.py::test_players_timebands_filter PASSED              [ 66%]
tests/test_players.py::test_players_timebands_keeps_users_with_no_grid PASSED [ 67%]
tests/test_profile.py::test_add_then_remove_secondary_sport PASSED       [ 68%]
tests/test_profile.py::test_primary_profile_kept_even_if_omitted PASSED  [ 69%]
tests/test_profile.py::test_invalid_ntrp_rejected PASSED                 [ 70%]
tests/test_profile.py::test_save_unsave_player PASSED                    [ 70%]
tests/test_profile.py::test_cannot_save_self PASSED                      [ 71%]
tests/test_profile.py::test_update_location_and_coords PASSED            [ 72%]
tests/test_profile.py::test_home_court_set_and_clear PASSED              [ 73%]
tests/test_profile.py::test_signup_seeds_availability PASSED             [ 74%]
tests/test_profile.py::test_set_and_replace_availability PASSED          [ 75%]
tests/test_profile.py::test_set_replace_and_expire_availability_overrides PASSED [ 75%]
tests/test_profile.py::test_overrides_surface_in_players_payload PASSED  [ 76%]
tests/test_profile.py::test_photo_upload_serve_and_delete PASSED         [ 77%]
tests/test_profile.py::test_photo_upload_rejects_bad_input PASSED        [ 78%]
tests/test_reports.py::test_user_can_report_another_player PASSED        [ 79%]
tests/test_reports.py::test_cannot_report_yourself PASSED                [ 79%]
tests/test_reports.py::test_report_requires_valid_reason PASSED          [ 80%]
tests/test_reports.py::test_repeat_open_report_is_collapsed PASSED       [ 81%]
tests/test_reports.py::test_admin_sees_and_resolves_report PASSED        [ 82%]
tests/test_reports.py::test_suspended_user_is_locked_out PASSED          [ 83%]
tests/test_reports.py::test_suspended_user_hidden_from_matching PASSED   [ 83%]
tests/test_reports.py::test_admin_cannot_suspend_self PASSED             [ 84%]
tests/test_sessions.py::test_request_is_a_request_to_the_guest_and_pending_to_the_host PASSED [ 85%]
tests/test_sessions.py::test_guest_accepts_request_to_confirm PASSED     [ 86%]
tests/test_sessions.py::test_host_cannot_accept_own_request PASSED       [ 87%]
tests/test_sessions.py::test_reschedule_reopens_to_the_other_party PASSED [ 87%]
tests/test_sessions.py::test_cancel_keeps_a_trace_in_past PASSED         [ 88%]
tests/test_sessions.py::test_duplicate_request_to_same_player_is_rejected PASSED [ 89%]
tests/test_sessions.py::test_session_payload_exposes_opponent_id PASSED  [ 90%]
tests/test_sessions.py::test_session_payload_includes_opponent_rating PASSED [ 91%]
tests/test_sessions.py::test_cancel_requires_being_a_participant PASSED  [ 91%]
tests/test_support.py::test_chat_degrades_without_ai PASSED              [ 92%]
tests/test_support.py::test_chat_returns_ai_reply PASSED                 [ 93%]
tests/test_support.py::test_chat_degrades_on_ai_error PASSED             [ 94%]
tests/test_support.py::test_chat_validation_and_auth PASSED              [ 95%]
tests/test_support.py::test_escalate_emails_support_inbox PASSED         [ 95%]
tests/test_support.py::test_escalate_persists_even_if_email_fails PASSED [ 96%]
tests/test_support_desk.py::test_escalation_creates_ticket PASSED        [ 97%]
tests/test_support_desk.py::test_admin_sees_and_resolves_ticket PASSED   [ 98%]
tests/test_support_desk.py::test_support_desk_requires_admin PASSED      [ 99%]
tests/test_support_desk.py::test_ticket_history_round_trips PASSED       [100%]

=============================== warnings summary ===============================
.venv/lib/python3.14/site-packages/flask_limiter/extension.py:333
    warnings.warn(

tests/test_appointments.py:10
    _FUTURE = (datetime.utcnow() + timedelta(days=30)).replace(microsecond=0).isoformat()

tests/test_courts.py:9
    _FUTURE = (datetime.utcnow() + timedelta(days=45)).replace(microsecond=0).isoformat()

tests/test_invites.py:13
    _base = (datetime.utcnow() + timedelta(days=60)).replace(hour=18, minute=0, second=0, microsecond=0)

tests/test_sessions.py:10
    _SOON = (datetime.utcnow() + timedelta(days=7)).replace(microsecond=0).isoformat()

tests/test_sessions.py:11
    _LATER = (datetime.utcnow() + timedelta(days=8)).replace(microsecond=0).isoformat()

tests/test_sessions.py:12
    _LATEST = (datetime.utcnow() + timedelta(days=9)).replace(microsecond=0).isoformat()

tests/test_admin.py: 24 warnings
tests/test_admin_courts.py: 11 warnings
tests/test_admin_user_delete.py: 12 warnings
tests/test_appointments.py: 14 warnings
tests/test_auth.py: 17 warnings
tests/test_courts.py: 12 warnings
tests/test_invites.py: 64 warnings
tests/test_matching.py: 11 warnings
tests/test_players.py: 9 warnings
tests/test_profile.py: 16 warnings
tests/test_reports.py: 19 warnings
tests/test_sessions.py: 28 warnings
tests/test_support.py: 8 warnings
tests/test_support_desk.py: 9 warnings
    return util.wrap_callable(lambda ctx: fn(), fn)  # type: ignore

tests/test_admin.py: 19 warnings
tests/test_admin_courts.py: 18 warnings
tests/test_admin_user_delete.py: 11 warnings
tests/test_appointments.py: 15 warnings
tests/test_auth.py: 9 warnings
tests/test_courts.py: 12 warnings
tests/test_invites.py: 28 warnings
tests/test_matching.py: 9 warnings
tests/test_players.py: 8 warnings
tests/test_profile.py: 27 warnings
tests/test_reports.py: 19 warnings
tests/test_sessions.py: 24 warnings
tests/test_support.py: 6 warnings
tests/test_support_desk.py: 11 warnings
    user = User.query.get(claims.user_id)

tests/test_admin.py::test_stats_counts_users
tests/test_reports.py::test_admin_sees_and_resolves_report
tests/test_support_desk.py::test_admin_sees_and_resolves_ticket
    now = datetime.utcnow()

tests/test_admin.py::test_get_user_404
    user = User.query.get(user_id)

tests/test_admin.py: 6 warnings
tests/test_admin_user_delete.py: 2 warnings
tests/test_reports.py: 3 warnings
    user = User.query.get(user_id)

tests/test_admin.py::test_overview_returns_recent_activity
    now = datetime.utcnow()

tests/test_admin_courts.py::test_edit_court
tests/test_admin_courts.py::test_deactivate_hides_from_public_list
    court = Court.query.get(court_id)

tests/test_admin_courts.py::test_deactivate_hides_from_public_list
tests/test_admin_courts.py::test_deactivate_hides_from_public_list
tests/test_appointments.py::test_checkin_drives_here_now
tests/test_courts.py::test_list_returns_real_distance_and_fav_false
tests/test_courts.py::test_distance_is_null_without_viewer_coords
tests/test_courts.py::test_favorite_and_unfavorite_toggle
tests/test_courts.py::test_favorite_and_unfavorite_toggle
tests/test_courts.py::test_list_includes_regulars_and_upcoming
    Session.scheduled_at > datetime.utcnow(),

tests/test_admin_courts.py: 2 warnings
tests/test_appointments.py: 5 warnings
tests/test_courts.py: 5 warnings
    return datetime.utcnow() - ACTIVE_WINDOW

tests/test_admin_courts.py::test_deactivate_hides_from_public_list
tests/test_admin_courts.py::test_deactivate_hides_from_public_list
tests/test_appointments.py::test_checkin_drives_here_now
tests/test_courts.py::test_list_returns_real_distance_and_fav_false
tests/test_courts.py::test_distance_is_null_without_viewer_coords
tests/test_courts.py::test_favorite_and_unfavorite_toggle
tests/test_courts.py::test_favorite_and_unfavorite_toggle
tests/test_courts.py::test_list_includes_regulars_and_upcoming
    CourtAppointment.scheduled_at > datetime.utcnow(),

tests/test_admin_courts.py::test_delete_unreferenced_court
tests/test_admin_courts.py::test_delete_blocked_when_referenced
    court = Court.query.get(court_id)

tests/test_admin_courts.py::test_delete_unreferenced_court
    assert Court.query.get(cid) is None

tests/test_admin_courts.py::test_delete_blocked_when_referenced
    assert Court.query.get(cid) is not None

tests/test_admin_user_delete.py::test_delete_user_cascades
tests/test_profile.py::test_save_unsave_player
    if not User.query.get(pid):

tests/test_admin_user_delete.py::test_delete_user_cascades
tests/test_admin_user_delete.py::test_delete_user_cascades
tests/test_reports.py::test_user_can_report_another_player
tests/test_reports.py::test_report_requires_valid_reason
tests/test_reports.py::test_repeat_open_report_is_collapsed
tests/test_reports.py::test_repeat_open_report_is_collapsed
tests/test_reports.py::test_admin_sees_and_resolves_report
    if not User.query.get(pid):

tests/test_admin_user_delete.py::test_delete_user_cascades
tests/test_admin_user_delete.py::test_cannot_delete_self
tests/test_admin_user_delete.py::test_delete_missing_user_404
    user = User.query.get(user_id)

tests/test_admin_user_delete.py::test_delete_user_cascades
    assert User.query.get(vid) is None

tests/test_admin_user_delete.py::test_delete_user_cascades
    assert User.query.get(bid) is not None

tests/test_appointments.py: 2 warnings
tests/test_courts.py: 1 warning
tests/test_sessions.py: 11 warnings
    now = datetime.now(timezone.utc) if v.tzinfo else datetime.utcnow()

tests/test_appointments.py: 5 warnings
tests/test_sessions.py: 7 warnings
    rv = self.get(ident)

tests/test_appointments.py::test_create_join_waitlist_and_promote
tests/test_appointments.py::test_checkin_drives_here_now
tests/test_appointments.py::test_checkin_drives_here_now
tests/test_appointments.py::test_checkin_drives_here_now
    CourtAppointment.scheduled_at > datetime.utcnow(),

tests/test_auth.py::test_signup_starts_unverified_and_verify_email_flow
    user = User.query.get(claims.user_id)

tests/test_auth.py::test_reset_password_updates_pw_revokes_sessions_and_is_single_use
    tv = User.query.get(uid).token_version

tests/test_auth.py::test_reset_password_updates_pw_revokes_sessions_and_is_single_use
tests/test_auth.py::test_reset_password_updates_pw_revokes_sessions_and_is_single_use
    user = User.query.get(claims.user_id)

tests/test_courts.py::test_list_includes_regulars_and_upcoming
    scheduled_at=datetime.utcnow() + timedelta(days=2),

tests/test_courts.py: 1 warning
tests/test_sessions.py: 10 warnings
    if not User.query.get(data.guestId):

tests/test_courts.py: 1 warning
tests/test_invites.py: 3 warnings
tests/test_sessions.py: 19 warnings
    is_past = self.scheduled_at is not None and self.scheduled_at < datetime.utcnow() - PAST_GRACE

tests/test_invites.py::test_settling_time_turn_follows_latest_proposal
    start_at=datetime.utcnow() + timedelta(days=2)))

tests/test_invites.py: 12 warnings
    now = datetime.now(timezone.utc) if v.tzinfo else datetime.utcnow()

tests/test_invites.py::test_create_invite_awaiting
tests/test_invites.py::test_create_invite_idempotent
tests/test_invites.py::test_create_invite_idempotent
tests/test_invites.py::test_accept_specific_time_one_tap_confirms_and_materializes
tests/test_invites.py::test_inviter_cannot_accept_own_time
tests/test_invites.py::test_window_requires_specific_before_accept
tests/test_invites.py::test_confirm_opponent_only_invitee
tests/test_invites.py::test_decline_moves_to_past
tests/test_invites.py::test_cancel_by_inviter
    if not User.query.get(data.inviteeId):

tests/test_invites.py::test_accept_specific_time_one_tap_confirms_and_materializes
tests/test_invites.py::test_inviter_cannot_accept_own_time
tests/test_invites.py::test_window_requires_specific_before_accept
tests/test_invites.py::test_window_requires_specific_before_accept
tests/test_invites.py::test_window_requires_specific_before_accept
tests/test_invites.py::test_window_requires_specific_before_accept
tests/test_invites.py::test_confirm_opponent_only_invitee
tests/test_invites.py::test_decline_moves_to_past
tests/test_invites.py::test_cancel_by_inviter
    inv = GameInvite.query.get(invite_id)

tests/test_invites.py::test_accept_specific_time_one_tap_confirms_and_materializes
tests/test_sessions.py::test_request_is_a_request_to_the_guest_and_pending_to_the_host
tests/test_sessions.py::test_request_is_a_request_to_the_guest_and_pending_to_the_host
tests/test_sessions.py::test_reschedule_reopens_to_the_other_party
tests/test_sessions.py::test_cancel_keeps_a_trace_in_past
tests/test_sessions.py::test_cancel_keeps_a_trace_in_past
tests/test_sessions.py::test_session_payload_exposes_opponent_id
tests/test_sessions.py::test_session_payload_includes_opponent_rating
    cancel_cutoff = datetime.utcnow() - timedelta(days=30)

tests/test_profile.py::test_photo_upload_serve_and_delete
    photo.updated_at = datetime.utcnow()

tests/test_reports.py::test_admin_sees_and_resolves_report
    report = UserReport.query.get(report_id)

tests/test_reports.py::test_admin_sees_and_resolves_report
    report.resolved_at = datetime.utcnow()

tests/test_reports.py::test_admin_sees_and_resolves_report
    assert User.query.get(bid).is_active is False

tests/test_support_desk.py::test_admin_sees_and_resolves_ticket
tests/test_support_desk.py::test_admin_sees_and_resolves_ticket
    ticket = SupportTicket.query.get(ticket_id)

tests/test_support_desk.py::test_admin_sees_and_resolves_ticket
    ticket.resolved_at = datetime.utcnow()

-- Docs: https://docs.pytest.org/en/stable/how-to/capture-warnings.html
====================== 124 passed, 656 warnings in 19.33s ======================
